make all -C "/home/bob/SimpleEQ/Builds/LinuxMakefile/" --print-data-base --no-builtin-variables --no-builtin-rules --question
# make: Entering directory '/home/bob/SimpleEQ/Builds/LinuxMakefile'
 
Makefile:127: *** target pattern contains no '%'.  Stop.
 
# GNU Make 4.2.1
# Built for x86_64-pc-linux-gnu
# Copyright (C) 1988-2016 Free Software Foundation, Inc.
# License GPLv3+: GNU GPL version 3 or later <http://gnu.org/licenses/gpl.html>
# This is free software: you are free to change and redistribute it.
# There is NO WARRANTY, to the extent permitted by law.

# Make data base, printed on Sun Dec  5 23:27:02 2021

# Variables

# environment
GNUMAKEFLAGS := 
# automatic
<D = $(patsubst %/,%,$(dir $<))
# automatic
?F = $(notdir $?)
# environment
DESKTOP_SESSION = cinnamon
# environment
WM_OPTIONS = linux64GccDPInt32Opt
# default
.SHELLFLAGS := -c
# makefile (from 'Makefile', line 29)
JUCE_BINDIR := build
# environment
XDG_SESSION_CLASS = user
# environment
XDG_SESSION_TYPE = x11
# environment
VSCODE_LOG_NATIVE = false
# environment
GTK3_MODULES = xapp-gtk3-module
# automatic
?D = $(patsubst %/,%,$(dir $?))
# automatic
@D = $(patsubst %/,%,$(dir $@))
# environment
XAUTHORITY = /home/bob/.Xauthority
# environment
GDMSESSION = cinnamon
# default
MAKE_VERSION := 4.2.1
# makefile
CURDIR := /home/bob/SimpleEQ/Builds/LinuxMakefile
# environment
RBENV_SHELL = bash
# environment
GDM_LANG = en_US
# environment
VSCODE_NLS_CONFIG = {"locale":"en-us","availableLanguages":{},"_languagePackSupport":true}
# environment
_ = /usr/share/code/code
# makefile (from 'Makefile', line 12)
DEPFLAGS :=  -MMD
# environment
XDG_CONFIG_DIRS = /etc/xdg/xdg-cinnamon:/etc/xdg
# makefile (from 'Makefile', line 98)
OBJECTS_ALL := 
# environment
GTK_OVERLAY_SCROLLING = 1
# makefile (from 'Makefile', line 1)
MAKEFILE_LIST :=  Makefile
# makefile (from 'Makefile', line 46)
JUCE_TARGET_VST3 := SimpleEQ.vst3/Contents//bin/sh: 1: make_helpers/arch_detection.cpp: Permission denied -linux/SimpleEQ.so
# automatic
@F = $(notdir $@)
# environment
GIO_LAUNCHED_DESKTOP_FILE = /usr/share/applications/code.desktop
# environment
WM_PROJECT_DIR = /opt/openfoam8
# environment
MANDATORY_PATH = /usr/share/gconf/cinnamon.mandatory.path
# environment
XDG_DATA_DIRS = /usr/share/cinnamon:/usr/share/gnome:/home/bob/.local/share/flatpak/exports/share:/var/lib/flatpak/exports/share:/usr/local/share:/usr/share
# environment
FOAM_RUN = /home/bob/OpenFOAM/bob-8/run
# environment
DBUS_SESSION_BUS_ADDRESS = unix:path=/run/user/1000/bus
# environment
VSCODE_VERBOSE_LOGGING = true
# makefile (from 'Makefile', line 51)
JUCE_TARGET_STANDALONE_PLUGIN := SimpleEQ
# environment
LESSOPEN = | /usr/bin/lesspipe %s
# environment
LS_COLORS = 
# environment
VSCODE_CWD = /home/bob
# environment
GPG_AGENT_INFO = /run/user/1000/gnupg/S.gpg-agent:0:1
# environment
WM_ARCH_OPTION = 64
# environment
MPI_ARCH_PATH = /usr/lib/x86_64-linux-gnu/openmpi
# environment
PATH = /home/bob/.rbenv/shims:/home/bob/.rbenv/bin:/home/bob/anaconda3/bin:/home/bob/anaconda3/condabin:/opt/ThirdParty-8/platforms/linux64Gcc/gperftools-svn/bin:/opt/paraviewopenfoam56/bin:/home/bob/OpenFOAM/bob-8/platforms/linux64GccDPInt32Opt/bin:/opt/site/8/platforms/linux64GccDPInt32Opt/bin:/opt/openfoam8/platforms/linux64GccDPInt32Opt/bin:/opt/openfoam8/bin:/opt/openfoam8/wmake:/usr/local/sbin:/usr/local/bin:/usr/sbin:/usr/bin:/sbin:/bin:/usr/games:/usr/local/games:/snap/bin
# makefile (from 'Makefile', line 53)
JUCE_CPPFLAGS_SHARED_CODE := "-DJUCE_SHARED_CODE=1"
# environment
ParaView_MAJOR = 5.6
# environment
FOAM_SETTINGS = 
# environment
FOAM_USER_LIBBIN = /home/bob/OpenFOAM/bob-8/platforms/linux64GccDPInt32Opt/lib
# environment
SESSION_MANAGER = local/bob-MS-7977:@/tmp/.ICE-unix/2175,unix/bob-MS-7977:/tmp/.ICE-unix/2175
# environment
XDG_RUNTIME_DIR = /run/user/1000
# environment
FOAM_MPI = openmpi-system
# environment
FOAM_JOB_DIR = /opt/jobControl
# makefile (from 'Makefile', line 8)
V_AT = @
# environment
FOAM_SOLVERS = /opt/openfoam8/applications/solvers
# environment
WM_CC = gcc
# environment
CONDA_PREFIX = /home/bob/anaconda3
# makefile (from 'Makefile', line 19)
AR = ar
# environment
VSCODE_LOG_STACK = false
# makefile (from 'Makefile', line 44)
VST3_PLATFORM_ARCH := /bin/sh: 1: make_helpers/arch_detection.cpp: Permission denied 
# environment
VSCODE_CRASH_REPORTER_START_OPTIONS = {"companyName":"Microsoft","productName":"VSCode","submitURL":"appcenter://code?aid=fba07a4d-84bd-4fc8-a125-9640fc8ce171&uid=78ca6869-2595-40f6-b185-55d41cf8b24a&iid=78ca6869-2595-40f6-b185-55d41cf8b24a&sid=78ca6869-2595-40f6-b185-55d41cf8b24a","uploadToServer":true}
# environment
WM_LDFLAGS = -m64
# default
.FEATURES := target-specific order-only second-expansion else-if shortest-stem undefine oneshell archives jobserver output-sync check-symlink load
# makefile (from 'Makefile', line 45)
JUCE_VST3SUBDIR := Contents//bin/sh: 1: make_helpers/arch_detection.cpp: Permission denied -linux
# environment
XDG_GREETER_DATA_DIR = /var/lib/lightdm-data/bob
# environment
FOAM_USER_APPBIN = /home/bob/OpenFOAM/bob-8/platforms/linux64GccDPInt32Opt/bin
# environment
FOAM_EXT_LIBBIN = /opt/ThirdParty-8/platforms/linux64GccDPInt32/lib
# environment
XDG_SESSION_DESKTOP = cinnamon
# environment
SSH_AUTH_SOCK = /run/user/1000/keyring/ssh
# environment
GIO_LAUNCHED_DESKTOP_FILE_PID = 94214
# automatic
%F = $(notdir $%)
# makefile (from 'Makefile', line 26)
JUCE_ARCH_LABEL := x86_64
# environment
WM_PROJECT = OpenFOAM
# environment
DISPLAY = :0
 
# environment
CONDA_EXE = /home/bob/anaconda3/bin/conda
# makefile (from 'Makefile', line 60)
CLEANCMD = rm -rf $(JUCE_OUTDIR)/$(TARGET) $(JUCE_OBJDIR)
# makefile (from 'Makefile', line 40)
JUCE_CPPFLAGS_VST3 := 
# makefile (from 'Makefile', line 48)
JUCE_COPYCMD_VST3 := build/SimpleEQ.vst3 /home/bob/.vst3
# environment
WM_PROJECT_INST_DIR = /opt
# environment
FOAM_INST_DIR = /opt
# environment
VSCODE_PIPE_LOGGING = true
# environment
WM_PROJECT_VERSION = 8
# makefile (from 'Makefile', line 58)
JUCE_LDFLAGS = $(TARGET_ARCH) -L$(JUCE_BINDIR) -L$(JUCE_LIBDIR) $(shell pkg-config --libs alsa freetype2 libcurl) -fvisibility=hidden -lrt -ldl -lpthread $(LDFLAGS)
# environment
WM_MPLIB = SYSTEMOPENMPI
# environment
PWD = /home/bob/SimpleEQ
# environment
QT_QPA_PLATFORMTHEME = qt5ct
# default
.LOADED := 
# makefile (from 'Makefile', line 41)
JUCE_CFLAGS_VST3 := -fPIC -fvisibility=hidden
# environment
XDG_SEAT = seat0
# makefile (from 'Makefile', line 50)
JUCE_CPPFLAGS_STANDALONE_PLUGIN := 
# environment
SSH_AGENT_PID = 2418
# makefile (from 'Makefile', line 38)
JUCE_CPPFLAGS :=  -MMD "-DLINUX=1" "-DDEBUG=1" "-D_DEBUG=1" "-DJUCE_DISPLAY_SPLASH_SCREEN=1" "-DJUCE_USE_DARK_SPLASH_SCREEN=1" "-DJUCE_PROJUCER_VERSION=0x60102" "-DJUCE_MODULE_AVAILABLE_juce_audio_basics=1" "-DJUCE_MODULE_AVAILABLE_juce_audio_devices=1" "-DJUCE_MODULE_AVAILABLE_juce_audio_formats=1" "-DJUCE_MODULE_AVAILABLE_juce_audio_plugin_client=1" "-DJUCE_MODULE_AVAILABLE_juce_audio_processors=1" "-DJUCE_MODULE_AVAILABLE_juce_audio_utils=1" "-DJUCE_MODULE_AVAILABLE_juce_core=1" "-DJUCE_MODULE_AVAILABLE_juce_data_structures=1" "-DJUCE_MODULE_AVAILABLE_juce_dsp=1" "-DJUCE_MODULE_AVAILABLE_juce_events=1" "-DJUCE_MODULE_AVAILABLE_juce_graphics=1" "-DJUCE_MODULE_AVAILABLE_juce_gui_basics=1" "-DJUCE_MODULE_AVAILABLE_juce_gui_extra=1" "-DJUCE_GLOBAL_MODULE_SETTINGS_INCLUDED=1" "-DJUCE_VST3_CAN_REPLACE_VST2=0" "-DJUCE_STRICT_REFCOUNTEDPOINTER=1" "-DJucePlugin_Build_VST=0" "-DJucePlugin_Build_VST3=1" "-DJucePlugin_Build_AU=1" "-DJucePlugin_Build_AUv3=0" "-DJucePlugin_Build_RTAS=0" "-DJucePlugin_Build_AAX=0" "-DJucePlugin_Build_Standalone=1" "-DJucePlugin_Build_Unity=0" "-DJucePlugin_Enable_IAA=0" "-DJucePlugin_Name=\"SimpleEQ\"" "-DJucePlugin_Desc=\"SimpleEQ\"" "-DJucePlugin_Manufacturer=\"yourcompany\"" "-DJucePlugin_ManufacturerWebsite=\"\"" "-DJucePlugin_ManufacturerEmail=\"\"" "-DJucePlugin_ManufacturerCode=0x4d616e75" "-DJucePlugin_PluginCode=0x56617476" "-DJucePlugin_IsSynth=0" "-DJucePlugin_WantsMidiInput=0" "-DJucePlugin_ProducesMidiOutput=0" "-DJucePlugin_IsMidiEffect=0" "-DJucePlugin_EditorRequiresKeyboardFocus=0" "-DJucePlugin_Version=1.0.0" "-DJucePlugin_VersionCode=0x10000" "-DJucePlugin_VersionString=\"1.0.0\"" "-DJucePlugin_VSTUniqueID=JucePlugin_PluginCode" "-DJucePlugin_VSTCategory=kPlugCategEffect" "-DJucePlugin_Vst3Category=\"Fx\"" "-DJucePlugin_AUMainType='aufx'" "-DJucePlugin_AUSubType=JucePlugin_PluginCode" "-DJucePlugin_AUExportPrefix=SimpleEQAU" "-DJucePlugin_AUExportPrefixQuoted=\"SimpleEQAU\"" "-DJucePlugin_AUManufacturerCode=JucePlugin_ManufacturerCode" "-DJucePlugin_CFBundleIdentifier=com.yourcompany.SimpleEQ" "-DJucePlugin_RTASCategory=0" "-DJucePlugin_RTASManufacturerCode=JucePlugin_ManufacturerCode" "-DJucePlugin_RTASProductId=JucePlugin_PluginCode" "-DJucePlugin_RTASDisableBypass=0" "-DJucePlugin_RTASDisableMultiMono=0" "-DJucePlugin_AAXIdentifier=com.yourcompany.SimpleEQ" "-DJucePlugin_AAXManufacturerCode=JucePlugin_ManufacturerCode" "-DJucePlugin_AAXProductId=JucePlugin_PluginCode" "-DJucePlugin_AAXCategory=0" "-DJucePlugin_AAXDisableBypass=0" "-DJucePlugin_AAXDisableMultiMono=0" "-DJucePlugin_IAAType=0x61757278" "-DJucePlugin_IAASubType=JucePlugin_PluginCode" "-DJucePlugin_IAAName=\"yourcompany: SimpleEQ\"" "-DJucePlugin_VSTNumMidiInputs=16" "-DJucePlugin_VSTNumMidiOutputs=16" "-DJUCE_STANDALONE_APPLICATION=JucePlugin_Build_Standalone" "-DJUCER_LINUX_MAKE_6D53C8B4=1" "-DJUCE_APP_VERSION=1.0.0" "-DJUCE_APP_VERSION_HEX=0x10000" -pthread -I/usr/include/x86_64-linux-gnu -I/usr/include/webkitgtk-4.0 -I/usr/include/gtk-3.0 -I/usr/include/libsoup-2.4 -I/usr/include/libxml2 -I/usr/include/webkitgtk-4.0 -I/usr/include/gtk-3.0 -I/usr/include/at-spi2-atk/2.0 -I/usr/include/at-spi-2.0 -I/usr/include/dbus-1.0 -I/usr/lib/x86_64-linux-gnu/dbus-1.0/include -I/usr/include/gtk-3.0 -I/usr/include/gio-unix-2.0 -I/usr/include/cairo -I/usr/include/pango-1.0 -I/usr/include/fribidi -I/usr/include/harfbuzz -I/usr/include/atk-1.0 -I/usr/include/cairo -I/usr/include/pixman-1 -I/usr/include/uuid -I/usr/include/freetype2 -I/usr/include/libpng16 -I/usr/include/gdk-pixbuf-2.0 -I/usr/include/libmount -I/usr/include/blkid -I/usr/include/glib-2.0 -I/usr/lib/x86_64-linux-gnu/glib-2.0/include -pthread -I/home/bob/JUCE/modules/juce_audio_processors/format_types/VST3_SDK -I../../JuceLibraryCode -I/home/bob/JUCE/modules 
# environment
ORIGINAL_XDG_CURRENT_DESKTOP = X-Cinnamon
# environment
WM_LINK_LANGUAGE = c++
# environment
GTK_MODULES = gail:atk-bridge
# environment
VSCODE_AMD_ENTRYPOINT = vs/workbench/services/extensions/node/extensionHostProcess
# environment
HOME = /home/bob
# makefile (from 'Makefile', line 100)
OBJECTS_VST3 := build/intermediate/Debug/include_juce_audio_plugin_client_VST3_dd633589.o 
# environment
LD_LIBRARY_PATH = /opt/ThirdParty-8/platforms/linux64Gcc/gperftools-svn/lib:/opt/openfoam8/platforms/linux64GccDPInt32Opt/lib/paraview-5.6:/opt/paraviewopenfoam56/lib:/opt/openfoam8/platforms/linux64GccDPInt32Opt/lib/openmpi-system:/opt/ThirdParty-8/platforms/linux64GccDPInt32/lib/openmpi-system:/usr/lib/x86_64-linux-gnu/openmpi/lib:/home/bob/OpenFOAM/bob-8/platforms/linux64GccDPInt32Opt/lib:/opt/site/8/platforms/linux64GccDPInt32Opt/lib:/opt/openfoam8/platforms/linux64GccDPInt32Opt/lib:/opt/ThirdParty-8/platforms/linux64GccDPInt32/lib:/opt/openfoam8/platforms/linux64GccDPInt32Opt/lib/dummy
# environment
WM_PRECISION_OPTION = DP
# environment
LESSCLOSE = /usr/bin/lesspipe %s %s
# environment
FOAM_UTILITIES = /opt/openfoam8/applications/utilities
# environment
VSCODE_CODE_CACHE_PATH = /home/bob/.config/Code/CachedData/ccbaa2d27e38e5afa3e5c21c1c7bef4657064247
# environment
LOGNAME = bob
# environment
APPLICATION_INSIGHTS_NO_DIAGNOSTIC_CHANNEL = true
# environment
CONDA_PROMPT_MODIFIER = (base) 
# environment
ParaView_INCLUDE_DIR = /opt/paraviewopenfoam56/include/paraview-5.6
# makefile (from 'Makefile', line 103)
OBJECTS_STANDALONE_PLUGIN := build/intermediate/Debug/include_juce_audio_plugin_client_Standalone_1a871192.o 
# environment
VSCODE_HANDLES_UNCAUGHT_ERRORS = true
# environment
GNOME_DESKTOP_SESSION_ID = this-is-deprecated
# automatic
^D = $(patsubst %/,%,$(dir $^))
# environment
XDG_VTNR = 7
# environment
WM_COMPILER = Gcc
# makefile (from 'Makefile', line 32)
JUCE_OUTDIR := build
# environment
MAKELEVEL := 0
# environment
CONDA_DEFAULT_ENV = base
# environment
FOAM_APP = /opt/openfoam8/applications
# default
MAKE = $(MAKE_COMMAND)
# default
MAKECMDGOALS := all
# environment
WM_OSTYPE = POSIX
 
# environment
SHLVL = 0
# environment
ParaView_DIR = /opt/paraviewopenfoam56
# environment
WM_CXX = g++
# environment
WM_LABEL_SIZE = 32
# makefile (from 'Makefile', line 23)
CONFIG = Debug
# environment
FOAM_SIGFPE = 
# environment
WM_COMPILE_OPTION = Opt
# environment
WM_COMPILER_TYPE = system
# environment
VSCODE_IPC_HOOK_EXTHOST = /run/user/1000/vscode-ipc-8b13a44a-e0b1-4263-b579-6e76141282a2.sock
# environment
XDG_SESSION_ID = c2
# environment
USER = bob
# makefile
.DEFAULT_GOAL := all
# environment
XDG_CURRENT_DESKTOP = X-Cinnamon
# automatic
%D = $(patsubst %/,%,$(dir $%))
# environment
WM_COMPILER_LIB_ARCH = 64
# environment
WM_PROJECT_USER_DIR = /home/bob/OpenFOAM/bob-8
# environment
CONDA_SHLVL = 1
# default
MAKE_COMMAND := make
# environment
ParaView_GL = mesa
# environment
WM_THIRD_PARTY_DIR = /opt/ThirdParty-8
# default
.VARIABLES := 
# makefile (from 'Makefile', line 31)
JUCE_OBJDIR := build/intermediate/Debug
# automatic
*F = $(notdir $*)
# environment
LANGUAGE = en_US
# environment
XDG_SEAT_PATH = /org/freedesktop/DisplayManager/Seat0
# environment
VSCODE_IPC_HOOK = /run/user/1000/vscode-ec62ecdc-1.62.3-main.sock
# makefile
MAKEFLAGS = pqrRw
# environment
FOAM_TUTORIALS = /opt/openfoam8/tutorials
# environment
MFLAGS = -pqrRw
# automatic
*D = $(patsubst %/,%,$(dir $*))
# environment
BREAKPAD_DUMP_LOCATION = /home/bob/.config/Code/exthost Crash Reports
# automatic
+D = $(patsubst %/,%,$(dir $+))
# makefile
SHELL = /bin/sh
# environment
GDK_BACKEND = x11
# makefile (from 'Makefile', line 30)
JUCE_LIBDIR := build
# automatic
+F = $(notdir $+)
# default
SUFFIXES := 
# makefile (from 'Makefile', line 54)
JUCE_TARGET_SHARED_CODE := SimpleEQ.a
# environment
FOAM_LIBBIN = /opt/openfoam8/platforms/linux64GccDPInt32Opt/lib
# makefile (from 'Makefile', line 15)
STRIP = strip
# environment
MPI_BUFFER_SIZE = 20000000
# environment
QT_ACCESSIBILITY = 1
# environment
DESKTOP_AUTOSTART_ID = 1033cb703a6c7b5939163855264583876600000021750006
# environment
FOAM_SITE_LIBBIN = /opt/site/8/platforms/linux64GccDPInt32Opt/lib
# environment
DEFAULTS_PATH = /usr/share/gconf/cinnamon.default.path
# makefile (from 'Makefile', line 43)
JUCE_VST3DIR := SimpleEQ.vst3
# 'override' directive
.SHELLSTATUS := 0
# default
MAKEFILES := 
# automatic
<F = $(notdir $<)
# environment
ELECTRON_RUN_AS_NODE = 1
# environment
ParaView_VERSION = 5.6.0
# environment
WM_CFLAGS = -m64 -fPIC
# environment
WM_DIR = /opt/openfoam8/wmake
# environment
LC_ALL = C
# environment
 
ParaView_LIB_DIR = /opt/paraviewopenfoam56/lib
# makefile (from 'Makefile', line 35)
TARGET_ARCH := 
# environment
WM_LABEL_OPTION = Int32
# environment
FOAM_APPBIN = /opt/openfoam8/platforms/linux64GccDPInt32Opt/bin
# environment
CONDA_PYTHON_EXE = /home/bob/anaconda3/bin/python
# environment
FOAM_SITE_APPBIN = /opt/site/8/platforms/linux64GccDPInt32Opt/bin
# automatic
^F = $(notdir $^)
# makefile (from 'Makefile', line 47)
JUCE_VST3DESTDIR := /home/bob/.vst3
# environment
XDG_SESSION_PATH = /org/freedesktop/DisplayManager/Session0
# environment
WM_ARCH = linux64
# environment
WM_CXXFLAGS = -m64 -fPIC -std=c++0x
# makefile (from 'Makefile', line 56)
JUCE_CFLAGS = $(JUCE_CPPFLAGS) $(TARGET_ARCH) -fPIC -g -ggdb -O0 $(CFLAGS)
# environment
_CE_M = 
# environment
CHROME_DESKTOP = code-url-handler.desktop
# environment
FOAM_ETC = /opt/openfoam8/etc
# environment
FOAM_SRC = /opt/openfoam8/src
# environment
PV_PLUGIN_PATH = /opt/openfoam8/platforms/linux64GccDPInt32Opt/lib/paraview-5.6
# default
.INCLUDE_DIRS = /usr/include /usr/local/include /usr/include
# default
.RECIPEPREFIX := 
# makefile (from 'Makefile', line 42)
JUCE_LDFLAGS_VST3 := -shared -Wl,--no-undefined
# default
MAKE_HOST := x86_64-pc-linux-gnu
# makefile (from 'Makefile', line 106)
OBJECTS_SHARED_CODE := build/intermediate/Debug/PluginProcessor_a059e380.o build/intermediate/Debug/PluginEditor_94d4fb09.o build/intermediate/Debug/include_juce_audio_basics_8a4e984a.o build/intermediate/Debug/include_juce_audio_devices_63111d02.o build/intermediate/Debug/include_juce_audio_formats_15f82001.o build/intermediate/Debug/include_juce_audio_plugin_client_utils_e32edaee.o build/intermediate/Debug/include_juce_audio_processors_10c03666.o build/intermediate/Debug/include_juce_audio_utils_9f9fb2d6.o build/intermediate/Debug/include_juce_core_f26d17db.o build/intermediate/Debug/include_juce_data_structures_7471b1e3.o build/intermediate/Debug/include_juce_dsp_aeb2060f.o build/intermediate/Debug/include_juce_events_fd7d695.o build/intermediate/Debug/include_juce_graphics_f817e147.o build/intermediate/Debug/include_juce_gui_basics_e3f79785.o build/intermediate/Debug/include_juce_gui_extra_6dee1c1a.o 
# environment
LANG = C
# makefile (from 'Makefile', line 57)
JUCE_CXXFLAGS = $(JUCE_CFLAGS) -std=c++17 $(CXXFLAGS)
# environment
VSCODE_PID = 94214
# environment
_CE_CONDA = 
# variable set hash-table stats:
# Load=198/1024=19%, Rehash=0, Collisions=53/265=20%

# Pattern-specific Variable Values

# No pattern-specific variable values.

# Directories

# . (device 2066, inode 48242844): 6 files, no impossibilities.

# 6 files, no impossibilities in 1 directories.

# Implicit Rules

# No implicit rules.

# Files

all: VST3 Standalone
#  Command line target.
#  Implicit rule search has not been done.
#  Modification time never checked.
#  File has not been updated.

.PHONY: clean all strip VST3 Standalone
#  Implicit rule search has not been done.
#  Modification time never checked.
#  File has not been updated.

# Not a target:
Makefile:
#  Implicit rule search has not been done.
#  Modification time never checked.
#  File has not been updated.

# Not a target:
strip:
 
#  Implicit rule search has not been done.
#  Modification time never checked.
#  File has not been updated.

# Not a target:
.DEFAULT:
#  Implicit rule search has not been done.
#  Modification time never checked.
#  File has not been updated.

# Not a target:
VST3:
#  Implicit rule search has not been done.
#  Modification time never checked.
#  File has not been updated.

# Not a target:
clean:
#  Implicit rule search has not been done.
#  Modification time never checked.
#  File has not been updated.

# Not a target:
Standalone:
#  Implicit rule search has not been done.
#  Modification time never checked.
#  File has not been updated.

# files hash-table stats:
# Load=9/1024=1%, Rehash=0, Collisions=0/18=0%
# VPATH Search Paths

# No 'vpath' search paths.

# No general ('VPATH' variable) search path.

# strcache buffers: 1 (0) / strings = 18 / storage = 206 B / avg = 11 B
# current buf: size = 8162 B / used = 206 B / count = 18 / avg = 11 B

# strcache performance: lookups = 29 / hit rate = 37%
# hash-table stats:
# Load=18/8192=0%, Rehash=0, Collisions=1/29=3%
# Finished Make data base on Sun Dec  5 23:27:02 2021

# make: Leaving directory '/home/bob/SimpleEQ/Builds/LinuxMakefile'
 
